000 (240190.002.000) 2022-12-05 20:21:42 Job submitted from host: <128.104.100.148:9618?addrs=128.104.100.148-9618+[2607-f388-107c-501-216-3eff-feb2-bc11]-9618&alias=learn.chtc.wisc.edu&noUDP&sock=schedd_6018_6d09>
...
040 (240190.002.000) 2022-12-05 20:22:12 Started transferring input files
	Transferring to host: <128.105.244.171:9618?addrs=128.105.244.171-9618&alias=e3001.chtc.wisc.edu&noUDP&sock=slot1_1_2559_cc01_112981>
...
040 (240190.002.000) 2022-12-05 20:22:18 Finished transferring input files
...
001 (240190.002.000) 2022-12-05 20:22:19 Job executing on host: <128.105.244.171:9618?addrs=128.105.244.171-9618&alias=e3001.chtc.wisc.edu&noUDP&sock=startd_6633_43c7>
...
006 (240190.002.000) 2022-12-05 20:22:27 Image size of job updated: 87348
	84  -  MemoryUsage of job (MB)
	85240  -  ResidentSetSize of job (KB)
...
006 (240190.002.000) 2022-12-05 20:27:27 Image size of job updated: 856560
	147  -  MemoryUsage of job (MB)
	149880  -  ResidentSetSize of job (KB)
...
006 (240190.002.000) 2022-12-05 20:32:28 Image size of job updated: 957328
	227  -  MemoryUsage of job (MB)
	232424  -  ResidentSetSize of job (KB)
...
006 (240190.002.000) 2022-12-05 20:37:29 Image size of job updated: 957328
	246  -  MemoryUsage of job (MB)
	250972  -  ResidentSetSize of job (KB)
...
006 (240190.002.000) 2022-12-05 20:42:29 Image size of job updated: 957328
	343  -  MemoryUsage of job (MB)
	350268  -  ResidentSetSize of job (KB)
...
040 (240190.002.000) 2022-12-05 20:51:19 Started transferring output files
...
040 (240190.002.000) 2022-12-05 20:51:19 Finished transferring output files
...
005 (240190.002.000) 2022-12-05 20:51:19 Job terminated.
	(1) Normal termination (return value 1)
		Usr 0 00:23:10, Sys 0 00:02:57  -  Run Remote Usage
		Usr 0 00:00:00, Sys 0 00:00:00  -  Run Local Usage
		Usr 0 00:23:10, Sys 0 00:02:57  -  Total Remote Usage
		Usr 0 00:00:00, Sys 0 00:00:00  -  Total Local Usage
	471456  -  Run Bytes Sent By Job
	123840304  -  Run Bytes Received By Job
	471456  -  Total Bytes Sent By Job
	123840304  -  Total Bytes Received By Job
	Partitionable Resources :     Usage  Request Allocated 
	   Cpus                 :      0.94        2         2 
	   Disk (KB)            : 737616      307200  14714712 
	   IoHeavy              :                            0 
	   Memory (MB)          :    343        2048      2048 

	Job terminated of its own accord at 2022-12-06T02:51:19Z with exit-code 1.
...
